<?xml version="1.0" encoding="UTF-8"?>
<!-- Generated by org.testng.reporters.JUnitXMLReporter -->
<testsuite hostname="GS-5443" ignored="0" name="Default test" tests="5" failures="0" timestamp="01 Jul 2023 10:07:04 GMT" time="3.745" errors="0">
  <testcase name="testCreateUser" time="1.859" classname="api.tests.UserTests"/>
  <testcase name="testGetSingleUser" time="0.139" classname="api.tests.UserTests"/>
  <testcase name="testUpdateUser" time="0.493" classname="api.tests.UserTests"/>
  <testcase name="testDeleteUser" time="0.492" classname="api.tests.UserTests"/>
  <testcase name="testGetListOfUser" time="0.121" classname="api.tests.UserTests"/>
</testsuite> <!-- Default test -->
