<?xml version="1.0" encoding="UTF-8"?>
<!-- Generated by org.testng.reporters.JUnitXMLReporter -->
<testsuite hostname="GS-5443" ignored="0" name="Test" tests="8" failures="0" timestamp="01 Jul 2023 08:55:09 GMT" time="6.437" errors="0">
  <testcase name="testCreateUser" time="1.796" classname="api.tests.DataDrivenTests"/>
  <testcase name="testCreateUser" time="0.579" classname="api.tests.DataDrivenTests"/>
  <testcase name="testCreateUser" time="0.6" classname="api.tests.DataDrivenTests"/>
  <testcase name="testCreateUser" time="0.566" classname="api.tests.UserTests"/>
  <testcase name="testGetSingleUser" time="0.137" classname="api.tests.UserTests"/>
  <testcase name="testUpdateUser" time="0.502" classname="api.tests.UserTests"/>
  <testcase name="testDeleteUser" time="0.587" classname="api.tests.UserTests"/>
  <testcase name="testGetListOfUser" time="0.513" classname="api.tests.UserTests"/>
</testsuite> <!-- Test -->
